<?xml version="1.0" encoding="UTF-8"?>
<!-- Generated by org.testng.reporters.JUnitXMLReporter -->
<testsuite ignored="1" hostname="PrimeTechs-iMac" failures="0" tests="1" name="Default test" time="2.816" errors="0" timestamp="2023-05-02T21:22:53 EDT">
  <testcase classname="api_tests.PetStoreAPIs" name="findPetsByStatus_providingQueryParam" time="2.781"/>
  <testcase classname="api_tests.PetStoreAPIs" name="findPetsByStatus" time="0.0">
    <ignored/>
  </testcase> <!-- findPetsByStatus -->
</testsuite> <!-- Default test -->
