<?xml version="1.0" encoding="UTF-8"?>
<!-- Generated by org.testng.reporters.JUnitXMLReporter -->
<testsuite ignored="0" hostname="PrimeTechs-iMac" failures="0" tests="3" name="Default test" time="4.928" errors="0" timestamp="2023-05-01T21:12:24 EDT">
  <testcase classname="api_tests.TestNgDemo" name="uiTestDemo" time="4.847"/>
  <testcase classname="api_tests.TestNgDemo" name="assertionDemo" time="0.002"/>
  <testcase classname="api_tests.TestNgDemo" name="softAssertDemo" time="0.006"/>
</testsuite> <!-- Default test -->
