<?xml version="1.0" encoding="UTF-8"?>
<!-- Generated by org.testng.reporters.JUnitXMLReporter -->
<testsuite ignored="0" hostname="PrimeTechs-iMac" failures="0" tests="3" name="SmokeTest Execution" time="5.019" errors="0" timestamp="2023-05-01T21:20:55 EDT">
  <testcase classname="api_tests.TestNgDemo" name="uiTestDemo" time="4.939"/>
  <testcase classname="api_tests.TestNgDemo" name="assertionDemo" time="0.003"/>
  <testcase classname="api_tests.TestNgDemo" name="softAssertDemo" time="0.007"/>
</testsuite> <!-- SmokeTest Execution -->
