<?xml version="1.0" encoding="UTF-8"?>
<!-- Generated by org.testng.reporters.JUnitXMLReporter -->
<testsuite ignored="0" hostname="PrimeTechs-iMac" failures="0" tests="5" name="API_Test_Execution" time="6.25" errors="0" timestamp="2023-05-04T21:17:03 EDT">
  <testcase classname="api_tests.CraterItems" name="login" time="2.624"/>
  <testcase classname="api_tests.CraterItems" name="createItem" time="1.107"/>
  <testcase classname="api_tests.CraterItems" name="getItem" time="0.542"/>
  <testcase classname="api_tests.CraterItems" name="updateItem" time="0.588"/>
  <testcase classname="api_tests.CraterItems" name="deleteItem" time="0.305"/>
</testsuite> <!-- API_Test_Execution -->
