<?xml version="1.0" encoding="UTF-8"?>
<testng-results ignored="0" total="0" passed="0" failed="0" skipped="0">
  <reporter-output>
  </reporter-output>
  <suite started-at="2023-05-01T21:26:15 EDT" name="Smoketests_Suite" finished-at="2023-05-01T21:26:15 EDT" duration-ms="12">
    <groups>
    </groups>
    <test started-at="2023-05-01T21:26:15 EDT" name="SmokeTest_Execution" finished-at="2023-05-01T21:26:15 EDT" duration-ms="12">
    </test> <!-- SmokeTest_Execution -->
  </suite> <!-- Smoketests_Suite -->
</testng-results>
